[debug] [2022-10-27T20:19:34.976Z] ----------------------------------------------------------------------
[debug] [2022-10-27T20:19:34.977Z] Command:       /usr/local/bin/node /usr/local/bin/firebase init hosting
[debug] [2022-10-27T20:19:34.977Z] CLI Version:   11.15.0
[debug] [2022-10-27T20:19:34.978Z] Platform:      darwin
[debug] [2022-10-27T20:19:34.978Z] Node Version:  v16.17.1
[debug] [2022-10-27T20:19:34.978Z] Time:          Thu Oct 27 2022 16:19:34 GMT-0400 (Eastern Daylight Time)
[debug] [2022-10-27T20:19:34.978Z] ----------------------------------------------------------------------
[debug] 
[debug] [2022-10-27T20:19:34.981Z] > command requires scopes: ["email","openid","https://www.googleapis.com/auth/cloudplatformprojects.readonly","https://www.googleapis.com/auth/firebase","https://www.googleapis.com/auth/cloud-platform"]
[debug] [2022-10-27T20:19:34.981Z] > authorizing via signed-in user (giannagiannadavila@gmail.com)
[info] 
     ######## #### ########  ######## ########     ###     ######  ########
     ##        ##  ##     ## ##       ##     ##  ##   ##  ##       ##
     ######    ##  ########  ######   ########  #########  ######  ######
     ##        ##  ##    ##  ##       ##     ## ##     ##       ## ##
     ##       #### ##     ## ######## ########  ##     ##  ######  ########

You're about to initialize a Firebase project in this directory:

  /Users/giannadavila/bocacode/react/movie-movies

[info] 
=== Project Setup
[info] 
[info] First, let's associate this project directory with a Firebase project.
[info] You can create multiple project aliases by running firebase use --add, 
[info] but for now we'll just set up a default project.
[info] 
[info] i  If you want to create a project in a Google Cloud organization or folder, please use "firebase projects:create" instead, and return to this command when you've created the project. 
